<?xml version="1.0" encoding="UTF-8"?>
<testsuite xmlns:xsi="http://www.w3.org/2001/XMLSchema-instance" xsi:noNamespaceSchemaLocation="https://maven.apache.org/surefire/maven-surefire-plugin/xsd/surefire-test-report.xsd" name="com.company.red_collar.RedCollarApplicationTests" time="2.674" tests="1" errors="0" skipped="0" failures="0">
  <properties>
    <property name="gopherProxySet" value="false"/>
    <property name="awt.toolkit" value="sun.lwawt.macosx.LWCToolkit"/>
    <property name="java.specification.version" value="11"/>
    <property name="sun.cpu.isalist" value=""/>
    <property name="sun.jnu.encoding" value="UTF-8"/>
    <property name="java.class.path" value="/Users/starrio/Developer/red-collar/target/test-classes:/Users/starrio/Developer/red-collar/target/classes:/Users/starrio/.m2/repository/org/jbpm/jbpm-flow/7.60.0.Final/jbpm-flow-7.60.0.Final.jar:/Users/starrio/.m2/repository/org/kie/kie-api/7.60.0.Final/kie-api-7.60.0.Final.jar:/Users/starrio/.m2/repository/org/kie/soup/kie-soup-maven-support/7.60.0.Final/kie-soup-maven-support-7.60.0.Final.jar:/Users/starrio/.m2/repository/org/kie/kie-internal/7.60.0.Final/kie-internal-7.60.0.Final.jar:/Users/starrio/.m2/repository/org/drools/drools-core/7.60.0.Final/drools-core-7.60.0.Final.jar:/Users/starrio/.m2/repository/org/kie/soup/kie-soup-xstream/7.60.0.Final/kie-soup-xstream-7.60.0.Final.jar:/Users/starrio/.m2/repository/commons-codec/commons-codec/1.15/commons-codec-1.15.jar:/Users/starrio/.m2/repository/org/drools/drools-mvel/7.60.0.Final/drools-mvel-7.60.0.Final.jar:/Users/starrio/.m2/repository/org/drools/drools-serialization-protobuf/7.60.0.Final/drools-serialization-protobuf-7.60.0.Final.jar:/Users/starrio/.m2/repository/org/kie/soup/kie-soup-commons/7.60.0.Final/kie-soup-commons-7.60.0.Final.jar:/Users/starrio/.m2/repository/org/kie/soup/kie-soup-project-datamodel-commons/7.60.0.Final/kie-soup-project-datamodel-commons-7.60.0.Final.jar:/Users/starrio/.m2/repository/org/kie/soup/kie-soup-project-datamodel-api/7.60.0.Final/kie-soup-project-datamodel-api-7.60.0.Final.jar:/Users/starrio/.m2/repository/org/kie/kie-dmn-api/7.60.0.Final/kie-dmn-api-7.60.0.Final.jar:/Users/starrio/.m2/repository/org/kie/kie-dmn-feel/7.60.0.Final/kie-dmn-feel-7.60.0.Final.jar:/Users/starrio/.m2/repository/org/kie/kie-dmn-model/7.60.0.Final/kie-dmn-model-7.60.0.Final.jar:/Users/starrio/.m2/repository/org/antlr/antlr4-runtime/4.8/antlr4-runtime-4.8.jar:/Users/starrio/.m2/repository/com/github/javaparser/javaparser-core/3.13.10/javaparser-core-3.13.10.jar:/Users/starrio/.m2/repository/org/drools/drools-mvel-parser/7.60.0.Final/drools-mvel-parser-7.60.0.Final.jar:/Users/starrio/.m2/repository/ch/obermuhlner/big-math/2.0.1/big-math-2.0.1.jar:/Users/starrio/.m2/repository/org/kie/kie-dmn-core/7.60.0.Final/kie-dmn-core-7.60.0.Final.jar:/Users/starrio/.m2/repository/org/kie/kie-dmn-backend/7.60.0.Final/kie-dmn-backend-7.60.0.Final.jar:/Users/starrio/.m2/repository/org/kie/kie-memory-compiler/7.60.0.Final/kie-memory-compiler-7.60.0.Final.jar:/Users/starrio/.m2/repository/org/drools/drools-ruleunit/7.60.0.Final/drools-ruleunit-7.60.0.Final.jar:/Users/starrio/.m2/repository/org/drools/drools-canonical-model/7.60.0.Final/drools-canonical-model-7.60.0.Final.jar:/Users/starrio/.m2/repository/org/drools/drools-model-compiler/7.60.0.Final/drools-model-compiler-7.60.0.Final.jar:/Users/starrio/.m2/repository/org/drools/drools-mvel-compiler/7.60.0.Final/drools-mvel-compiler-7.60.0.Final.jar:/Users/starrio/.m2/repository/org/drools/drools-alphanetwork-compiler/7.60.0.Final/drools-alphanetwork-compiler-7.60.0.Final.jar:/Users/starrio/.m2/repository/org/jpmml/pmml-model/1.5.1/pmml-model-1.5.1.jar:/Users/starrio/.m2/repository/org/jpmml/pmml-agent/1.5.1/pmml-agent-1.5.1.jar:/Users/starrio/.m2/repository/com/google/protobuf/protobuf-java/3.6.1/protobuf-java-3.6.1.jar:/Users/starrio/.m2/repository/org/mvel/mvel2/2.4.13.Final/mvel2-2.4.13.Final.jar:/Users/starrio/.m2/repository/org/slf4j/slf4j-api/1.7.36/slf4j-api-1.7.36.jar:/Users/starrio/.m2/repository/org/apache/commons/commons-lang3/3.12.0/commons-lang3-3.12.0.jar:/Users/starrio/.m2/repository/com/fasterxml/jackson/core/jackson-databind/2.12.6.1/jackson-databind-2.12.6.1.jar:/Users/starrio/.m2/repository/com/fasterxml/jackson/core/jackson-annotations/2.12.6/jackson-annotations-2.12.6.jar:/Users/starrio/.m2/repository/com/fasterxml/jackson/core/jackson-core/2.12.6/jackson-core-2.12.6.jar:/Users/starrio/.m2/repository/com/fasterxml/jackson/datatype/jackson-datatype-jsr310/2.12.6/jackson-datatype-jsr310-2.12.6.jar:/Users/starrio/.m2/repository/org/jbpm/jbpm-bpmn2/7.60.0.Final/jbpm-bpmn2-7.60.0.Final.jar:/Users/starrio/.m2/repository/org/drools/drools-compiler/7.60.0.Final/drools-compiler-7.60.0.Final.jar:/Users/starrio/.m2/repository/org/antlr/antlr-runtime/3.5.2/antlr-runtime-3.5.2.jar:/Users/starrio/.m2/repository/org/drools/drools-ecj/7.60.0.Final/drools-ecj-7.60.0.Final.jar:/Users/starrio/.m2/repository/org/jbpm/jbpm-flow-builder/7.60.0.Final/jbpm-flow-builder-7.60.0.Final.jar:/Users/starrio/.m2/repository/org/kie/kie-spring/7.60.0.Final/kie-spring-7.60.0.Final.jar:/Users/starrio/.m2/repository/org/springframework/spring-tx/5.3.20/spring-tx-5.3.20.jar:/Users/starrio/.m2/repository/org/drools/drools-core-reflective/7.60.0.Final/drools-core-reflective-7.60.0.Final.jar:/Users/starrio/.m2/repository/org/drools/drools-core-dynamic/7.60.0.Final/drools-core-dynamic-7.60.0.Final.jar:/Users/starrio/.m2/repository/org/drools/drools-decisiontables/7.60.0.Final/drools-decisiontables-7.60.0.Final.jar:/Users/starrio/.m2/repository/org/drools/drools-templates/7.60.0.Final/drools-templates-7.60.0.Final.jar:/Users/starrio/.m2/repository/org/apache/poi/poi-ooxml/4.1.2/poi-ooxml-4.1.2.jar:/Users/starrio/.m2/repository/org/apache/poi/poi-ooxml-schemas/4.1.2/poi-ooxml-schemas-4.1.2.jar:/Users/starrio/.m2/repository/org/apache/xmlbeans/xmlbeans/3.1.0/xmlbeans-3.1.0.jar:/Users/starrio/.m2/repository/org/apache/commons/commons-compress/1.19/commons-compress-1.19.jar:/Users/starrio/.m2/repository/com/github/virtuald/curvesapi/1.06/curvesapi-1.06.jar:/Users/starrio/.m2/repository/org/apache/poi/poi/4.1.2/poi-4.1.2.jar:/Users/starrio/.m2/repository/org/apache/commons/commons-collections4/4.4/commons-collections4-4.4.jar:/Users/starrio/.m2/repository/org/apache/commons/commons-math3/3.6.1/commons-math3-3.6.1.jar:/Users/starrio/.m2/repository/com/zaxxer/SparseBitSet/1.2/SparseBitSet-1.2.jar:/Users/starrio/.m2/repository/org/springframework/spring-core/5.3.20/spring-core-5.3.20.jar:/Users/starrio/.m2/repository/org/springframework/spring-jcl/5.3.20/spring-jcl-5.3.20.jar:/Users/starrio/.m2/repository/org/springframework/spring-beans/5.3.20/spring-beans-5.3.20.jar:/Users/starrio/.m2/repository/org/springframework/spring-context/5.3.20/spring-context-5.3.20.jar:/Users/starrio/.m2/repository/org/springframework/spring-aop/5.3.20/spring-aop-5.3.20.jar:/Users/starrio/.m2/repository/org/springframework/spring-expression/5.3.20/spring-expression-5.3.20.jar:/Users/starrio/.m2/repository/com/thoughtworks/xstream/xstream/1.4.18/xstream-1.4.18.jar:/Users/starrio/.m2/repository/io/github/x-stream/mxparser/1.2.2/mxparser-1.2.2.jar:/Users/starrio/.m2/repository/xmlpull/xmlpull/1.1.3.1/xmlpull-1.1.3.1.jar:/Users/starrio/.m2/repository/org/jbpm/jbpm-runtime-manager/7.60.0.Final/jbpm-runtime-manager-7.60.0.Final.jar:/Users/starrio/.m2/repository/org/eclipse/aether/aether-api/1.1.0/aether-api-1.1.0.jar:/Users/starrio/.m2/repository/org/drools/drools-persistence-api/7.60.0.Final/drools-persistence-api-7.60.0.Final.jar:/Users/starrio/.m2/repository/jakarta/transaction/jakarta.transaction-api/1.3.3/jakarta.transaction-api-1.3.3.jar:/Users/starrio/.m2/repository/org/drools/drools-persistence-jpa/7.60.0.Final/drools-persistence-jpa-7.60.0.Final.jar:/Users/starrio/.m2/repository/jakarta/persistence/jakarta.persistence-api/2.2.3/jakarta.persistence-api-2.2.3.jar:/Users/starrio/.m2/repository/org/jbpm/jbpm-persistence-jpa/7.60.0.Final/jbpm-persistence-jpa-7.60.0.Final.jar:/Users/starrio/.m2/repository/org/jbpm/jbpm-persistence-api/7.60.0.Final/jbpm-persistence-api-7.60.0.Final.jar:/Users/starrio/.m2/repository/org/jbpm/jbpm-audit/7.60.0.Final/jbpm-audit-7.60.0.Final.jar:/Users/starrio/.m2/repository/org/jbpm/jbpm-query-jpa/7.60.0.Final/jbpm-query-jpa-7.60.0.Final.jar:/Users/starrio/.m2/repository/org/jbpm/jbpm-human-task-core/7.60.0.Final/jbpm-human-task-core-7.60.0.Final.jar:/Users/starrio/.m2/repository/jakarta/annotation/jakarta.annotation-api/1.3.5/jakarta.annotation-api-1.3.5.jar:/Users/starrio/.m2/repository/com/sun/mail/jakarta.mail/1.6.7/jakarta.mail-1.6.7.jar:/Users/starrio/.m2/repository/org/slf4j/jcl-over-slf4j/1.7.36/jcl-over-slf4j-1.7.36.jar:/Users/starrio/.m2/repository/com/google/guava/guava/30.1-jre/guava-30.1-jre.jar:/Users/starrio/.m2/repository/com/google/guava/failureaccess/1.0.1/failureaccess-1.0.1.jar:/Users/starrio/.m2/repository/com/google/guava/listenablefuture/9999.0-empty-to-avoid-conflict-with-guava/listenablefuture-9999.0-empty-to-avoid-conflict-with-guava.jar:/Users/starrio/.m2/repository/org/checkerframework/checker-qual/3.5.0/checker-qual-3.5.0.jar:/Users/starrio/.m2/repository/com/google/errorprone/error_prone_annotations/2.3.4/error_prone_annotations-2.3.4.jar:/Users/starrio/.m2/repository/com/google/j2objc/j2objc-annotations/1.3/j2objc-annotations-1.3.jar:/Users/starrio/.m2/repository/jakarta/activation/jakarta.activation-api/1.2.2/jakarta.activation-api-1.2.2.jar:/Users/starrio/.m2/repository/org/jbpm/jbpm-human-task-workitems/7.60.0.Final/jbpm-human-task-workitems-7.60.0.Final.jar:/Users/starrio/.m2/repository/org/jbpm/jbpm-human-task-audit/7.60.0.Final/jbpm-human-task-audit-7.60.0.Final.jar:/Users/starrio/.m2/repository/jakarta/inject/jakarta.inject-api/1.0.3/jakarta.inject-api-1.0.3.jar:/Users/starrio/.m2/repository/org/jbpm/jbpm-human-task-jpa/7.60.0.Final/jbpm-human-task-jpa-7.60.0.Final.jar:/Users/starrio/.m2/repository/org/jetbrains/kotlin/kotlin-stdlib/1.6.21/kotlin-stdlib-1.6.21.jar:/Users/starrio/.m2/repository/org/jetbrains/kotlin/kotlin-stdlib-common/1.5.32/kotlin-stdlib-common-1.5.32.jar:/Users/starrio/.m2/repository/org/jetbrains/annotations/13.0/annotations-13.0.jar:/Users/starrio/.m2/repository/com/influxdb/influxdb-client-java/6.12.0/influxdb-client-java-6.12.0.jar:/Users/starrio/.m2/repository/com/influxdb/influxdb-client-core/6.12.0/influxdb-client-core-6.12.0.jar:/Users/starrio/.m2/repository/com/influxdb/influxdb-client-utils/6.12.0/influxdb-client-utils-6.12.0.jar:/Users/starrio/.m2/repository/com/squareup/okio/okio/3.6.0/okio-3.6.0.jar:/Users/starrio/.m2/repository/com/squareup/okio/okio-jvm/3.6.0/okio-jvm-3.6.0.jar:/Users/starrio/.m2/repository/com/squareup/okhttp3/okhttp/3.14.9/okhttp-3.14.9.jar:/Users/starrio/.m2/repository/com/squareup/retrofit2/retrofit/2.9.0/retrofit-2.9.0.jar:/Users/starrio/.m2/repository/com/squareup/okhttp3/logging-interceptor/3.14.9/logging-interceptor-3.14.9.jar:/Users/starrio/.m2/repository/org/apache/commons/commons-csv/1.10.0/commons-csv-1.10.0.jar:/Users/starrio/.m2/repository/com/google/code/gson/gson/2.8.9/gson-2.8.9.jar:/Users/starrio/.m2/repository/io/reactivex/rxjava3/rxjava/3.1.6/rxjava-3.1.6.jar:/Users/starrio/.m2/repository/org/reactivestreams/reactive-streams/1.0.3/reactive-streams-1.0.3.jar:/Users/starrio/.m2/repository/com/squareup/retrofit2/adapter-rxjava3/2.9.0/adapter-rxjava3-2.9.0.jar:/Users/starrio/.m2/repository/com/squareup/retrofit2/converter-scalars/2.9.0/converter-scalars-2.9.0.jar:/Users/starrio/.m2/repository/com/squareup/retrofit2/converter-gson/2.9.0/converter-gson-2.9.0.jar:/Users/starrio/.m2/repository/com/google/code/findbugs/jsr305/3.0.2/jsr305-3.0.2.jar:/Users/starrio/.m2/repository/org/springframework/boot/spring-boot-starter-amqp/2.5.14/spring-boot-starter-amqp-2.5.14.jar:/Users/starrio/.m2/repository/org/springframework/boot/spring-boot-starter/2.5.14/spring-boot-starter-2.5.14.jar:/Users/starrio/.m2/repository/org/springframework/boot/spring-boot/2.5.14/spring-boot-2.5.14.jar:/Users/starrio/.m2/repository/org/springframework/boot/spring-boot-autoconfigure/2.5.14/spring-boot-autoconfigure-2.5.14.jar:/Users/starrio/.m2/repository/org/springframework/boot/spring-boot-starter-logging/2.5.14/spring-boot-starter-logging-2.5.14.jar:/Users/starrio/.m2/repository/ch/qos/logback/logback-classic/1.2.11/logback-classic-1.2.11.jar:/Users/starrio/.m2/repository/ch/qos/logback/logback-core/1.2.11/logback-core-1.2.11.jar:/Users/starrio/.m2/repository/org/apache/logging/log4j/log4j-to-slf4j/2.17.2/log4j-to-slf4j-2.17.2.jar:/Users/starrio/.m2/repository/org/apache/logging/log4j/log4j-api/2.17.2/log4j-api-2.17.2.jar:/Users/starrio/.m2/repository/org/slf4j/jul-to-slf4j/1.7.36/jul-to-slf4j-1.7.36.jar:/Users/starrio/.m2/repository/org/yaml/snakeyaml/1.28/snakeyaml-1.28.jar:/Users/starrio/.m2/repository/org/springframework/spring-messaging/5.3.20/spring-messaging-5.3.20.jar:/Users/starrio/.m2/repository/org/springframework/amqp/spring-rabbit/2.3.16/spring-rabbit-2.3.16.jar:/Users/starrio/.m2/repository/org/springframework/amqp/spring-amqp/2.3.16/spring-amqp-2.3.16.jar:/Users/starrio/.m2/repository/org/springframework/retry/spring-retry/1.3.3/spring-retry-1.3.3.jar:/Users/starrio/.m2/repository/com/rabbitmq/amqp-client/5.12.0/amqp-client-5.12.0.jar:/Users/starrio/.m2/repository/org/springframework/boot/spring-boot-starter-web/2.5.14/spring-boot-starter-web-2.5.14.jar:/Users/starrio/.m2/repository/org/springframework/boot/spring-boot-starter-json/2.5.14/spring-boot-starter-json-2.5.14.jar:/Users/starrio/.m2/repository/com/fasterxml/jackson/datatype/jackson-datatype-jdk8/2.12.6/jackson-datatype-jdk8-2.12.6.jar:/Users/starrio/.m2/repository/com/fasterxml/jackson/module/jackson-module-parameter-names/2.12.6/jackson-module-parameter-names-2.12.6.jar:/Users/starrio/.m2/repository/org/springframework/boot/spring-boot-starter-tomcat/2.5.14/spring-boot-starter-tomcat-2.5.14.jar:/Users/starrio/.m2/repository/org/apache/tomcat/embed/tomcat-embed-core/9.0.63/tomcat-embed-core-9.0.63.jar:/Users/starrio/.m2/repository/org/apache/tomcat/embed/tomcat-embed-el/9.0.63/tomcat-embed-el-9.0.63.jar:/Users/starrio/.m2/repository/org/apache/tomcat/embed/tomcat-embed-websocket/9.0.63/tomcat-embed-websocket-9.0.63.jar:/Users/starrio/.m2/repository/org/springframework/spring-web/5.3.20/spring-web-5.3.20.jar:/Users/starrio/.m2/repository/org/springframework/spring-webmvc/5.3.20/spring-webmvc-5.3.20.jar:/Users/starrio/.m2/repository/org/hibernate/hibernate-core/5.4.32.Final/hibernate-core-5.4.32.Final.jar:/Users/starrio/.m2/repository/org/jboss/logging/jboss-logging/3.4.3.Final/jboss-logging-3.4.3.Final.jar:/Users/starrio/.m2/repository/org/javassist/javassist/3.27.0-GA/javassist-3.27.0-GA.jar:/Users/starrio/.m2/repository/net/bytebuddy/byte-buddy/1.10.22/byte-buddy-1.10.22.jar:/Users/starrio/.m2/repository/antlr/antlr/2.7.7/antlr-2.7.7.jar:/Users/starrio/.m2/repository/org/jboss/spec/javax/transaction/jboss-transaction-api_1.2_spec/1.1.1.Final/jboss-transaction-api_1.2_spec-1.1.1.Final.jar:/Users/starrio/.m2/repository/org/jboss/jandex/2.2.3.Final/jandex-2.2.3.Final.jar:/Users/starrio/.m2/repository/com/fasterxml/classmate/1.5.1/classmate-1.5.1.jar:/Users/starrio/.m2/repository/javax/activation/javax.activation-api/1.2.0/javax.activation-api-1.2.0.jar:/Users/starrio/.m2/repository/org/dom4j/dom4j/2.1.3/dom4j-2.1.3.jar:/Users/starrio/.m2/repository/org/hibernate/common/hibernate-commons-annotations/5.1.2.Final/hibernate-commons-annotations-5.1.2.Final.jar:/Users/starrio/.m2/repository/javax/xml/bind/jaxb-api/2.3.1/jaxb-api-2.3.1.jar:/Users/starrio/.m2/repository/org/glassfish/jaxb/jaxb-runtime/2.3.6/jaxb-runtime-2.3.6.jar:/Users/starrio/.m2/repository/org/glassfish/jaxb/txw2/2.3.6/txw2-2.3.6.jar:/Users/starrio/.m2/repository/com/sun/istack/istack-commons-runtime/3.0.12/istack-commons-runtime-3.0.12.jar:/Users/starrio/.m2/repository/com/sun/activation/jakarta.activation/1.2.2/jakarta.activation-1.2.2.jar:/Users/starrio/.m2/repository/javax/persistence/javax.persistence-api/2.2/javax.persistence-api-2.2.jar:/Users/starrio/.m2/repository/org/springframework/boot/spring-boot-starter-test/2.5.14/spring-boot-starter-test-2.5.14.jar:/Users/starrio/.m2/repository/org/springframework/boot/spring-boot-test/2.5.14/spring-boot-test-2.5.14.jar:/Users/starrio/.m2/repository/org/springframework/boot/spring-boot-test-autoconfigure/2.5.14/spring-boot-test-autoconfigure-2.5.14.jar:/Users/starrio/.m2/repository/com/jayway/jsonpath/json-path/2.5.0/json-path-2.5.0.jar:/Users/starrio/.m2/repository/net/minidev/json-smart/2.4.8/json-smart-2.4.8.jar:/Users/starrio/.m2/repository/net/minidev/accessors-smart/2.4.8/accessors-smart-2.4.8.jar:/Users/starrio/.m2/repository/org/ow2/asm/asm/9.1/asm-9.1.jar:/Users/starrio/.m2/repository/jakarta/xml/bind/jakarta.xml.bind-api/2.3.3/jakarta.xml.bind-api-2.3.3.jar:/Users/starrio/.m2/repository/org/assertj/assertj-core/3.19.0/assertj-core-3.19.0.jar:/Users/starrio/.m2/repository/org/hamcrest/hamcrest/2.2/hamcrest-2.2.jar:/Users/starrio/.m2/repository/org/junit/jupiter/junit-jupiter/5.7.2/junit-jupiter-5.7.2.jar:/Users/starrio/.m2/repository/org/junit/jupiter/junit-jupiter-api/5.7.2/junit-jupiter-api-5.7.2.jar:/Users/starrio/.m2/repository/org/apiguardian/apiguardian-api/1.1.0/apiguardian-api-1.1.0.jar:/Users/starrio/.m2/repository/org/opentest4j/opentest4j/1.2.0/opentest4j-1.2.0.jar:/Users/starrio/.m2/repository/org/junit/platform/junit-platform-commons/1.7.2/junit-platform-commons-1.7.2.jar:/Users/starrio/.m2/repository/org/junit/jupiter/junit-jupiter-params/5.7.2/junit-jupiter-params-5.7.2.jar:/Users/starrio/.m2/repository/org/junit/jupiter/junit-jupiter-engine/5.7.2/junit-jupiter-engine-5.7.2.jar:/Users/starrio/.m2/repository/org/junit/platform/junit-platform-engine/1.7.2/junit-platform-engine-1.7.2.jar:/Users/starrio/.m2/repository/org/mockito/mockito-core/3.9.0/mockito-core-3.9.0.jar:/Users/starrio/.m2/repository/net/bytebuddy/byte-buddy-agent/1.10.22/byte-buddy-agent-1.10.22.jar:/Users/starrio/.m2/repository/org/objenesis/objenesis/3.2/objenesis-3.2.jar:/Users/starrio/.m2/repository/org/mockito/mockito-junit-jupiter/3.9.0/mockito-junit-jupiter-3.9.0.jar:/Users/starrio/.m2/repository/org/skyscreamer/jsonassert/1.5.0/jsonassert-1.5.0.jar:/Users/starrio/.m2/repository/com/vaadin/external/google/android-json/0.0.20131108.vaadin1/android-json-0.0.20131108.vaadin1.jar:/Users/starrio/.m2/repository/org/springframework/spring-test/5.3.20/spring-test-5.3.20.jar:/Users/starrio/.m2/repository/org/xmlunit/xmlunit-core/2.8.4/xmlunit-core-2.8.4.jar:"/>
    <property name="java.vm.vendor" value="Oracle Corporation"/>
    <property name="sun.arch.data.model" value="64"/>
    <property name="java.vendor.url" value="https://openjdk.java.net/"/>
    <property name="user.timezone" value=""/>
    <property name="java.vm.specification.version" value="11"/>
    <property name="os.name" value="Mac OS X"/>
    <property name="sun.java.launcher" value="SUN_STANDARD"/>
    <property name="user.country" value="US"/>
    <property name="sun.boot.library.path" value="/Library/Java/JavaVirtualMachines/jdk-11.jdk/Contents/Home/lib"/>
    <property name="sun.java.command" value="/Users/starrio/Developer/red-collar/target/surefire/surefirebooter10854658583911389086.jar /Users/starrio/Developer/red-collar/target/surefire 2024-11-10T21-00-49_699-jvmRun1 surefire2735251262356960327tmp surefire_07772899565209448689tmp"/>
    <property name="jdk.debug" value="release"/>
    <property name="surefire.test.class.path" value="/Users/starrio/Developer/red-collar/target/test-classes:/Users/starrio/Developer/red-collar/target/classes:/Users/starrio/.m2/repository/org/jbpm/jbpm-flow/7.60.0.Final/jbpm-flow-7.60.0.Final.jar:/Users/starrio/.m2/repository/org/kie/kie-api/7.60.0.Final/kie-api-7.60.0.Final.jar:/Users/starrio/.m2/repository/org/kie/soup/kie-soup-maven-support/7.60.0.Final/kie-soup-maven-support-7.60.0.Final.jar:/Users/starrio/.m2/repository/org/kie/kie-internal/7.60.0.Final/kie-internal-7.60.0.Final.jar:/Users/starrio/.m2/repository/org/drools/drools-core/7.60.0.Final/drools-core-7.60.0.Final.jar:/Users/starrio/.m2/repository/org/kie/soup/kie-soup-xstream/7.60.0.Final/kie-soup-xstream-7.60.0.Final.jar:/Users/starrio/.m2/repository/commons-codec/commons-codec/1.15/commons-codec-1.15.jar:/Users/starrio/.m2/repository/org/drools/drools-mvel/7.60.0.Final/drools-mvel-7.60.0.Final.jar:/Users/starrio/.m2/repository/org/drools/drools-serialization-protobuf/7.60.0.Final/drools-serialization-protobuf-7.60.0.Final.jar:/Users/starrio/.m2/repository/org/kie/soup/kie-soup-commons/7.60.0.Final/kie-soup-commons-7.60.0.Final.jar:/Users/starrio/.m2/repository/org/kie/soup/kie-soup-project-datamodel-commons/7.60.0.Final/kie-soup-project-datamodel-commons-7.60.0.Final.jar:/Users/starrio/.m2/repository/org/kie/soup/kie-soup-project-datamodel-api/7.60.0.Final/kie-soup-project-datamodel-api-7.60.0.Final.jar:/Users/starrio/.m2/repository/org/kie/kie-dmn-api/7.60.0.Final/kie-dmn-api-7.60.0.Final.jar:/Users/starrio/.m2/repository/org/kie/kie-dmn-feel/7.60.0.Final/kie-dmn-feel-7.60.0.Final.jar:/Users/starrio/.m2/repository/org/kie/kie-dmn-model/7.60.0.Final/kie-dmn-model-7.60.0.Final.jar:/Users/starrio/.m2/repository/org/antlr/antlr4-runtime/4.8/antlr4-runtime-4.8.jar:/Users/starrio/.m2/repository/com/github/javaparser/javaparser-core/3.13.10/javaparser-core-3.13.10.jar:/Users/starrio/.m2/repository/org/drools/drools-mvel-parser/7.60.0.Final/drools-mvel-parser-7.60.0.Final.jar:/Users/starrio/.m2/repository/ch/obermuhlner/big-math/2.0.1/big-math-2.0.1.jar:/Users/starrio/.m2/repository/org/kie/kie-dmn-core/7.60.0.Final/kie-dmn-core-7.60.0.Final.jar:/Users/starrio/.m2/repository/org/kie/kie-dmn-backend/7.60.0.Final/kie-dmn-backend-7.60.0.Final.jar:/Users/starrio/.m2/repository/org/kie/kie-memory-compiler/7.60.0.Final/kie-memory-compiler-7.60.0.Final.jar:/Users/starrio/.m2/repository/org/drools/drools-ruleunit/7.60.0.Final/drools-ruleunit-7.60.0.Final.jar:/Users/starrio/.m2/repository/org/drools/drools-canonical-model/7.60.0.Final/drools-canonical-model-7.60.0.Final.jar:/Users/starrio/.m2/repository/org/drools/drools-model-compiler/7.60.0.Final/drools-model-compiler-7.60.0.Final.jar:/Users/starrio/.m2/repository/org/drools/drools-mvel-compiler/7.60.0.Final/drools-mvel-compiler-7.60.0.Final.jar:/Users/starrio/.m2/repository/org/drools/drools-alphanetwork-compiler/7.60.0.Final/drools-alphanetwork-compiler-7.60.0.Final.jar:/Users/starrio/.m2/repository/org/jpmml/pmml-model/1.5.1/pmml-model-1.5.1.jar:/Users/starrio/.m2/repository/org/jpmml/pmml-agent/1.5.1/pmml-agent-1.5.1.jar:/Users/starrio/.m2/repository/com/google/protobuf/protobuf-java/3.6.1/protobuf-java-3.6.1.jar:/Users/starrio/.m2/repository/org/mvel/mvel2/2.4.13.Final/mvel2-2.4.13.Final.jar:/Users/starrio/.m2/repository/org/slf4j/slf4j-api/1.7.36/slf4j-api-1.7.36.jar:/Users/starrio/.m2/repository/org/apache/commons/commons-lang3/3.12.0/commons-lang3-3.12.0.jar:/Users/starrio/.m2/repository/com/fasterxml/jackson/core/jackson-databind/2.12.6.1/jackson-databind-2.12.6.1.jar:/Users/starrio/.m2/repository/com/fasterxml/jackson/core/jackson-annotations/2.12.6/jackson-annotations-2.12.6.jar:/Users/starrio/.m2/repository/com/fasterxml/jackson/core/jackson-core/2.12.6/jackson-core-2.12.6.jar:/Users/starrio/.m2/repository/com/fasterxml/jackson/datatype/jackson-datatype-jsr310/2.12.6/jackson-datatype-jsr310-2.12.6.jar:/Users/starrio/.m2/repository/org/jbpm/jbpm-bpmn2/7.60.0.Final/jbpm-bpmn2-7.60.0.Final.jar:/Users/starrio/.m2/repository/org/drools/drools-compiler/7.60.0.Final/drools-compiler-7.60.0.Final.jar:/Users/starrio/.m2/repository/org/antlr/antlr-runtime/3.5.2/antlr-runtime-3.5.2.jar:/Users/starrio/.m2/repository/org/drools/drools-ecj/7.60.0.Final/drools-ecj-7.60.0.Final.jar:/Users/starrio/.m2/repository/org/jbpm/jbpm-flow-builder/7.60.0.Final/jbpm-flow-builder-7.60.0.Final.jar:/Users/starrio/.m2/repository/org/kie/kie-spring/7.60.0.Final/kie-spring-7.60.0.Final.jar:/Users/starrio/.m2/repository/org/springframework/spring-tx/5.3.20/spring-tx-5.3.20.jar:/Users/starrio/.m2/repository/org/drools/drools-core-reflective/7.60.0.Final/drools-core-reflective-7.60.0.Final.jar:/Users/starrio/.m2/repository/org/drools/drools-core-dynamic/7.60.0.Final/drools-core-dynamic-7.60.0.Final.jar:/Users/starrio/.m2/repository/org/drools/drools-decisiontables/7.60.0.Final/drools-decisiontables-7.60.0.Final.jar:/Users/starrio/.m2/repository/org/drools/drools-templates/7.60.0.Final/drools-templates-7.60.0.Final.jar:/Users/starrio/.m2/repository/org/apache/poi/poi-ooxml/4.1.2/poi-ooxml-4.1.2.jar:/Users/starrio/.m2/repository/org/apache/poi/poi-ooxml-schemas/4.1.2/poi-ooxml-schemas-4.1.2.jar:/Users/starrio/.m2/repository/org/apache/xmlbeans/xmlbeans/3.1.0/xmlbeans-3.1.0.jar:/Users/starrio/.m2/repository/org/apache/commons/commons-compress/1.19/commons-compress-1.19.jar:/Users/starrio/.m2/repository/com/github/virtuald/curvesapi/1.06/curvesapi-1.06.jar:/Users/starrio/.m2/repository/org/apache/poi/poi/4.1.2/poi-4.1.2.jar:/Users/starrio/.m2/repository/org/apache/commons/commons-collections4/4.4/commons-collections4-4.4.jar:/Users/starrio/.m2/repository/org/apache/commons/commons-math3/3.6.1/commons-math3-3.6.1.jar:/Users/starrio/.m2/repository/com/zaxxer/SparseBitSet/1.2/SparseBitSet-1.2.jar:/Users/starrio/.m2/repository/org/springframework/spring-core/5.3.20/spring-core-5.3.20.jar:/Users/starrio/.m2/repository/org/springframework/spring-jcl/5.3.20/spring-jcl-5.3.20.jar:/Users/starrio/.m2/repository/org/springframework/spring-beans/5.3.20/spring-beans-5.3.20.jar:/Users/starrio/.m2/repository/org/springframework/spring-context/5.3.20/spring-context-5.3.20.jar:/Users/starrio/.m2/repository/org/springframework/spring-aop/5.3.20/spring-aop-5.3.20.jar:/Users/starrio/.m2/repository/org/springframework/spring-expression/5.3.20/spring-expression-5.3.20.jar:/Users/starrio/.m2/repository/com/thoughtworks/xstream/xstream/1.4.18/xstream-1.4.18.jar:/Users/starrio/.m2/repository/io/github/x-stream/mxparser/1.2.2/mxparser-1.2.2.jar:/Users/starrio/.m2/repository/xmlpull/xmlpull/1.1.3.1/xmlpull-1.1.3.1.jar:/Users/starrio/.m2/repository/org/jbpm/jbpm-runtime-manager/7.60.0.Final/jbpm-runtime-manager-7.60.0.Final.jar:/Users/starrio/.m2/repository/org/eclipse/aether/aether-api/1.1.0/aether-api-1.1.0.jar:/Users/starrio/.m2/repository/org/drools/drools-persistence-api/7.60.0.Final/drools-persistence-api-7.60.0.Final.jar:/Users/starrio/.m2/repository/jakarta/transaction/jakarta.transaction-api/1.3.3/jakarta.transaction-api-1.3.3.jar:/Users/starrio/.m2/repository/org/drools/drools-persistence-jpa/7.60.0.Final/drools-persistence-jpa-7.60.0.Final.jar:/Users/starrio/.m2/repository/jakarta/persistence/jakarta.persistence-api/2.2.3/jakarta.persistence-api-2.2.3.jar:/Users/starrio/.m2/repository/org/jbpm/jbpm-persistence-jpa/7.60.0.Final/jbpm-persistence-jpa-7.60.0.Final.jar:/Users/starrio/.m2/repository/org/jbpm/jbpm-persistence-api/7.60.0.Final/jbpm-persistence-api-7.60.0.Final.jar:/Users/starrio/.m2/repository/org/jbpm/jbpm-audit/7.60.0.Final/jbpm-audit-7.60.0.Final.jar:/Users/starrio/.m2/repository/org/jbpm/jbpm-query-jpa/7.60.0.Final/jbpm-query-jpa-7.60.0.Final.jar:/Users/starrio/.m2/repository/org/jbpm/jbpm-human-task-core/7.60.0.Final/jbpm-human-task-core-7.60.0.Final.jar:/Users/starrio/.m2/repository/jakarta/annotation/jakarta.annotation-api/1.3.5/jakarta.annotation-api-1.3.5.jar:/Users/starrio/.m2/repository/com/sun/mail/jakarta.mail/1.6.7/jakarta.mail-1.6.7.jar:/Users/starrio/.m2/repository/org/slf4j/jcl-over-slf4j/1.7.36/jcl-over-slf4j-1.7.36.jar:/Users/starrio/.m2/repository/com/google/guava/guava/30.1-jre/guava-30.1-jre.jar:/Users/starrio/.m2/repository/com/google/guava/failureaccess/1.0.1/failureaccess-1.0.1.jar:/Users/starrio/.m2/repository/com/google/guava/listenablefuture/9999.0-empty-to-avoid-conflict-with-guava/listenablefuture-9999.0-empty-to-avoid-conflict-with-guava.jar:/Users/starrio/.m2/repository/org/checkerframework/checker-qual/3.5.0/checker-qual-3.5.0.jar:/Users/starrio/.m2/repository/com/google/errorprone/error_prone_annotations/2.3.4/error_prone_annotations-2.3.4.jar:/Users/starrio/.m2/repository/com/google/j2objc/j2objc-annotations/1.3/j2objc-annotations-1.3.jar:/Users/starrio/.m2/repository/jakarta/activation/jakarta.activation-api/1.2.2/jakarta.activation-api-1.2.2.jar:/Users/starrio/.m2/repository/org/jbpm/jbpm-human-task-workitems/7.60.0.Final/jbpm-human-task-workitems-7.60.0.Final.jar:/Users/starrio/.m2/repository/org/jbpm/jbpm-human-task-audit/7.60.0.Final/jbpm-human-task-audit-7.60.0.Final.jar:/Users/starrio/.m2/repository/jakarta/inject/jakarta.inject-api/1.0.3/jakarta.inject-api-1.0.3.jar:/Users/starrio/.m2/repository/org/jbpm/jbpm-human-task-jpa/7.60.0.Final/jbpm-human-task-jpa-7.60.0.Final.jar:/Users/starrio/.m2/repository/org/jetbrains/kotlin/kotlin-stdlib/1.6.21/kotlin-stdlib-1.6.21.jar:/Users/starrio/.m2/repository/org/jetbrains/kotlin/kotlin-stdlib-common/1.5.32/kotlin-stdlib-common-1.5.32.jar:/Users/starrio/.m2/repository/org/jetbrains/annotations/13.0/annotations-13.0.jar:/Users/starrio/.m2/repository/com/influxdb/influxdb-client-java/6.12.0/influxdb-client-java-6.12.0.jar:/Users/starrio/.m2/repository/com/influxdb/influxdb-client-core/6.12.0/influxdb-client-core-6.12.0.jar:/Users/starrio/.m2/repository/com/influxdb/influxdb-client-utils/6.12.0/influxdb-client-utils-6.12.0.jar:/Users/starrio/.m2/repository/com/squareup/okio/okio/3.6.0/okio-3.6.0.jar:/Users/starrio/.m2/repository/com/squareup/okio/okio-jvm/3.6.0/okio-jvm-3.6.0.jar:/Users/starrio/.m2/repository/com/squareup/okhttp3/okhttp/3.14.9/okhttp-3.14.9.jar:/Users/starrio/.m2/repository/com/squareup/retrofit2/retrofit/2.9.0/retrofit-2.9.0.jar:/Users/starrio/.m2/repository/com/squareup/okhttp3/logging-interceptor/3.14.9/logging-interceptor-3.14.9.jar:/Users/starrio/.m2/repository/org/apache/commons/commons-csv/1.10.0/commons-csv-1.10.0.jar:/Users/starrio/.m2/repository/com/google/code/gson/gson/2.8.9/gson-2.8.9.jar:/Users/starrio/.m2/repository/io/reactivex/rxjava3/rxjava/3.1.6/rxjava-3.1.6.jar:/Users/starrio/.m2/repository/org/reactivestreams/reactive-streams/1.0.3/reactive-streams-1.0.3.jar:/Users/starrio/.m2/repository/com/squareup/retrofit2/adapter-rxjava3/2.9.0/adapter-rxjava3-2.9.0.jar:/Users/starrio/.m2/repository/com/squareup/retrofit2/converter-scalars/2.9.0/converter-scalars-2.9.0.jar:/Users/starrio/.m2/repository/com/squareup/retrofit2/converter-gson/2.9.0/converter-gson-2.9.0.jar:/Users/starrio/.m2/repository/com/google/code/findbugs/jsr305/3.0.2/jsr305-3.0.2.jar:/Users/starrio/.m2/repository/org/springframework/boot/spring-boot-starter-amqp/2.5.14/spring-boot-starter-amqp-2.5.14.jar:/Users/starrio/.m2/repository/org/springframework/boot/spring-boot-starter/2.5.14/spring-boot-starter-2.5.14.jar:/Users/starrio/.m2/repository/org/springframework/boot/spring-boot/2.5.14/spring-boot-2.5.14.jar:/Users/starrio/.m2/repository/org/springframework/boot/spring-boot-autoconfigure/2.5.14/spring-boot-autoconfigure-2.5.14.jar:/Users/starrio/.m2/repository/org/springframework/boot/spring-boot-starter-logging/2.5.14/spring-boot-starter-logging-2.5.14.jar:/Users/starrio/.m2/repository/ch/qos/logback/logback-classic/1.2.11/logback-classic-1.2.11.jar:/Users/starrio/.m2/repository/ch/qos/logback/logback-core/1.2.11/logback-core-1.2.11.jar:/Users/starrio/.m2/repository/org/apache/logging/log4j/log4j-to-slf4j/2.17.2/log4j-to-slf4j-2.17.2.jar:/Users/starrio/.m2/repository/org/apache/logging/log4j/log4j-api/2.17.2/log4j-api-2.17.2.jar:/Users/starrio/.m2/repository/org/slf4j/jul-to-slf4j/1.7.36/jul-to-slf4j-1.7.36.jar:/Users/starrio/.m2/repository/org/yaml/snakeyaml/1.28/snakeyaml-1.28.jar:/Users/starrio/.m2/repository/org/springframework/spring-messaging/5.3.20/spring-messaging-5.3.20.jar:/Users/starrio/.m2/repository/org/springframework/amqp/spring-rabbit/2.3.16/spring-rabbit-2.3.16.jar:/Users/starrio/.m2/repository/org/springframework/amqp/spring-amqp/2.3.16/spring-amqp-2.3.16.jar:/Users/starrio/.m2/repository/org/springframework/retry/spring-retry/1.3.3/spring-retry-1.3.3.jar:/Users/starrio/.m2/repository/com/rabbitmq/amqp-client/5.12.0/amqp-client-5.12.0.jar:/Users/starrio/.m2/repository/org/springframework/boot/spring-boot-starter-web/2.5.14/spring-boot-starter-web-2.5.14.jar:/Users/starrio/.m2/repository/org/springframework/boot/spring-boot-starter-json/2.5.14/spring-boot-starter-json-2.5.14.jar:/Users/starrio/.m2/repository/com/fasterxml/jackson/datatype/jackson-datatype-jdk8/2.12.6/jackson-datatype-jdk8-2.12.6.jar:/Users/starrio/.m2/repository/com/fasterxml/jackson/module/jackson-module-parameter-names/2.12.6/jackson-module-parameter-names-2.12.6.jar:/Users/starrio/.m2/repository/org/springframework/boot/spring-boot-starter-tomcat/2.5.14/spring-boot-starter-tomcat-2.5.14.jar:/Users/starrio/.m2/repository/org/apache/tomcat/embed/tomcat-embed-core/9.0.63/tomcat-embed-core-9.0.63.jar:/Users/starrio/.m2/repository/org/apache/tomcat/embed/tomcat-embed-el/9.0.63/tomcat-embed-el-9.0.63.jar:/Users/starrio/.m2/repository/org/apache/tomcat/embed/tomcat-embed-websocket/9.0.63/tomcat-embed-websocket-9.0.63.jar:/Users/starrio/.m2/repository/org/springframework/spring-web/5.3.20/spring-web-5.3.20.jar:/Users/starrio/.m2/repository/org/springframework/spring-webmvc/5.3.20/spring-webmvc-5.3.20.jar:/Users/starrio/.m2/repository/org/hibernate/hibernate-core/5.4.32.Final/hibernate-core-5.4.32.Final.jar:/Users/starrio/.m2/repository/org/jboss/logging/jboss-logging/3.4.3.Final/jboss-logging-3.4.3.Final.jar:/Users/starrio/.m2/repository/org/javassist/javassist/3.27.0-GA/javassist-3.27.0-GA.jar:/Users/starrio/.m2/repository/net/bytebuddy/byte-buddy/1.10.22/byte-buddy-1.10.22.jar:/Users/starrio/.m2/repository/antlr/antlr/2.7.7/antlr-2.7.7.jar:/Users/starrio/.m2/repository/org/jboss/spec/javax/transaction/jboss-transaction-api_1.2_spec/1.1.1.Final/jboss-transaction-api_1.2_spec-1.1.1.Final.jar:/Users/starrio/.m2/repository/org/jboss/jandex/2.2.3.Final/jandex-2.2.3.Final.jar:/Users/starrio/.m2/repository/com/fasterxml/classmate/1.5.1/classmate-1.5.1.jar:/Users/starrio/.m2/repository/javax/activation/javax.activation-api/1.2.0/javax.activation-api-1.2.0.jar:/Users/starrio/.m2/repository/org/dom4j/dom4j/2.1.3/dom4j-2.1.3.jar:/Users/starrio/.m2/repository/org/hibernate/common/hibernate-commons-annotations/5.1.2.Final/hibernate-commons-annotations-5.1.2.Final.jar:/Users/starrio/.m2/repository/javax/xml/bind/jaxb-api/2.3.1/jaxb-api-2.3.1.jar:/Users/starrio/.m2/repository/org/glassfish/jaxb/jaxb-runtime/2.3.6/jaxb-runtime-2.3.6.jar:/Users/starrio/.m2/repository/org/glassfish/jaxb/txw2/2.3.6/txw2-2.3.6.jar:/Users/starrio/.m2/repository/com/sun/istack/istack-commons-runtime/3.0.12/istack-commons-runtime-3.0.12.jar:/Users/starrio/.m2/repository/com/sun/activation/jakarta.activation/1.2.2/jakarta.activation-1.2.2.jar:/Users/starrio/.m2/repository/javax/persistence/javax.persistence-api/2.2/javax.persistence-api-2.2.jar:/Users/starrio/.m2/repository/org/springframework/boot/spring-boot-starter-test/2.5.14/spring-boot-starter-test-2.5.14.jar:/Users/starrio/.m2/repository/org/springframework/boot/spring-boot-test/2.5.14/spring-boot-test-2.5.14.jar:/Users/starrio/.m2/repository/org/springframework/boot/spring-boot-test-autoconfigure/2.5.14/spring-boot-test-autoconfigure-2.5.14.jar:/Users/starrio/.m2/repository/com/jayway/jsonpath/json-path/2.5.0/json-path-2.5.0.jar:/Users/starrio/.m2/repository/net/minidev/json-smart/2.4.8/json-smart-2.4.8.jar:/Users/starrio/.m2/repository/net/minidev/accessors-smart/2.4.8/accessors-smart-2.4.8.jar:/Users/starrio/.m2/repository/org/ow2/asm/asm/9.1/asm-9.1.jar:/Users/starrio/.m2/repository/jakarta/xml/bind/jakarta.xml.bind-api/2.3.3/jakarta.xml.bind-api-2.3.3.jar:/Users/starrio/.m2/repository/org/assertj/assertj-core/3.19.0/assertj-core-3.19.0.jar:/Users/starrio/.m2/repository/org/hamcrest/hamcrest/2.2/hamcrest-2.2.jar:/Users/starrio/.m2/repository/org/junit/jupiter/junit-jupiter/5.7.2/junit-jupiter-5.7.2.jar:/Users/starrio/.m2/repository/org/junit/jupiter/junit-jupiter-api/5.7.2/junit-jupiter-api-5.7.2.jar:/Users/starrio/.m2/repository/org/apiguardian/apiguardian-api/1.1.0/apiguardian-api-1.1.0.jar:/Users/starrio/.m2/repository/org/opentest4j/opentest4j/1.2.0/opentest4j-1.2.0.jar:/Users/starrio/.m2/repository/org/junit/platform/junit-platform-commons/1.7.2/junit-platform-commons-1.7.2.jar:/Users/starrio/.m2/repository/org/junit/jupiter/junit-jupiter-params/5.7.2/junit-jupiter-params-5.7.2.jar:/Users/starrio/.m2/repository/org/junit/jupiter/junit-jupiter-engine/5.7.2/junit-jupiter-engine-5.7.2.jar:/Users/starrio/.m2/repository/org/junit/platform/junit-platform-engine/1.7.2/junit-platform-engine-1.7.2.jar:/Users/starrio/.m2/repository/org/mockito/mockito-core/3.9.0/mockito-core-3.9.0.jar:/Users/starrio/.m2/repository/net/bytebuddy/byte-buddy-agent/1.10.22/byte-buddy-agent-1.10.22.jar:/Users/starrio/.m2/repository/org/objenesis/objenesis/3.2/objenesis-3.2.jar:/Users/starrio/.m2/repository/org/mockito/mockito-junit-jupiter/3.9.0/mockito-junit-jupiter-3.9.0.jar:/Users/starrio/.m2/repository/org/skyscreamer/jsonassert/1.5.0/jsonassert-1.5.0.jar:/Users/starrio/.m2/repository/com/vaadin/external/google/android-json/0.0.20131108.vaadin1/android-json-0.0.20131108.vaadin1.jar:/Users/starrio/.m2/repository/org/springframework/spring-test/5.3.20/spring-test-5.3.20.jar:/Users/starrio/.m2/repository/org/xmlunit/xmlunit-core/2.8.4/xmlunit-core-2.8.4.jar:"/>
    <property name="sun.cpu.endian" value="little"/>
    <property name="user.home" value="/Users/starrio"/>
    <property name="user.language" value="en"/>
    <property name="java.specification.vendor" value="Oracle Corporation"/>
    <property name="java.version.date" value="2023-10-17"/>
    <property name="java.home" value="/Library/Java/JavaVirtualMachines/jdk-11.jdk/Contents/Home"/>
    <property name="file.separator" value="/"/>
    <property name="basedir" value="/Users/starrio/Developer/red-collar"/>
    <property name="java.vm.compressedOopsMode" value="Zero based"/>
    <property name="line.separator" value="&#10;"/>
    <property name="java.specification.name" value="Java Platform API Specification"/>
    <property name="java.vm.specification.vendor" value="Oracle Corporation"/>
    <property name="java.awt.graphicsenv" value="sun.awt.CGraphicsEnvironment"/>
    <property name="surefire.real.class.path" value="/Users/starrio/Developer/red-collar/target/surefire/surefirebooter10854658583911389086.jar"/>
    <property name="sun.management.compiler" value="HotSpot 64-Bit Tiered Compilers"/>
    <property name="java.runtime.version" value="11.0.21+9-LTS-193"/>
    <property name="user.name" value="starrio"/>
    <property name="path.separator" value=":"/>
    <property name="os.version" value="13.6.6"/>
    <property name="java.runtime.name" value="Java(TM) SE Runtime Environment"/>
    <property name="file.encoding" value="UTF-8"/>
    <property name="java.vm.name" value="Java HotSpot(TM) 64-Bit Server VM"/>
    <property name="java.vendor.version" value="18.9"/>
    <property name="localRepository" value="/Users/starrio/.m2/repository"/>
    <property name="java.vendor.url.bug" value="https://bugreport.java.com/bugreport/"/>
    <property name="java.io.tmpdir" value="/var/folders/n6/wdpx2fcx4ds7sr7yq7pd__lc0000gn/T/"/>
    <property name="java.version" value="11.0.21"/>
    <property name="user.dir" value="/Users/starrio/Developer/red-collar"/>
    <property name="os.arch" value="aarch64"/>
    <property name="java.vm.specification.name" value="Java Virtual Machine Specification"/>
    <property name="java.awt.printerjob" value="sun.lwawt.macosx.CPrinterJob"/>
    <property name="sun.os.patch.level" value="unknown"/>
    <property name="java.library.path" value="/Users/starrio/Library/Java/Extensions:/Library/Java/Extensions:/Network/Library/Java/Extensions:/System/Library/Java/Extensions:/usr/lib/java:."/>
    <property name="java.vendor" value="Oracle Corporation"/>
    <property name="java.vm.info" value="mixed mode"/>
    <property name="java.vm.version" value="11.0.21+9-LTS-193"/>
    <property name="java.specification.maintenance.version" value="2"/>
    <property name="sun.io.unicode.encoding" value="UnicodeBig"/>
    <property name="java.class.version" value="55.0"/>
  </properties>
  <testcase name="contextLoads" classname="com.company.red_collar.RedCollarApplicationTests" time="0.18"/>
</testsuite>